2016-03-23 13:57:17 [@iZ94svonjw7Z]
内部 #1: 启动 createinquest
2016-03-23 13:59:59 [2@iZ94svonjw7Z]
内部 #1: 启动 queuedmail
2016-03-23 14:00:52 [@iZ94svonjw7Z]
内部 #1: 启动 queuedmailclean
2016-03-23 14:14:07 [2@iZ94svonjw7Z]
内部 #1: 启动 temp
2016-03-24 01:47:58 [@iZ94svonjw7Z]
内部 #1: 启动 mailgateerror
2016-03-24 01:54:17 [2@iZ94svonjw7Z]
内部 #1: 启动 mailgate
2016-03-24 01:59:22 [2@iZ94svonjw7Z]
内部 #1: 启动 slaticket
2016-03-24 02:02:25 [@iZ94svonjw7Z]
内部 #1: 启动 graph
2016-03-24 02:07:43 [2@iZ94svonjw7Z]
内部 #1: 启动 reservation
2016-03-24 02:13:06 [2@iZ94svonjw7Z]
内部 #1: 启动 ticketrecurrent
2016-03-24 02:22:11 [2@iZ94svonjw7Z]
内部 #1: 启动 closeticket
2016-03-24 02:23:40 [@iZ94svonjw7Z]
内部 #1: 启动 alertnotclosed
2016-03-24 02:29:13 [14@iZ94svonjw7Z]
内部 #1: 启动 createinquest
2016-03-24 02:29:19 [@iZ94svonjw7Z]
内部 #1: 启动 watcher
2016-03-24 02:36:33 [@iZ94svonjw7Z]
内部 #1: 启动 planningrecall
2016-03-24 02:37:05 [@iZ94svonjw7Z]
内部 #1: 启动 queuedmail
2016-03-24 02:37:07 [@iZ94svonjw7Z]
内部 #1: 启动 temp
2016-03-24 02:38:03 [@iZ94svonjw7Z]
内部 #1: 启动 mailgate
2016-03-24 02:43:42 [2@iZ94svonjw7Z]
内部 #1: 启动 slaticket
2016-03-24 02:44:51 [@iZ94svonjw7Z]
内部 #1: 启动 contract
2016-03-24 02:45:55 [@iZ94svonjw7Z]
内部 #1: 启动 queuedmail
2016-03-24 02:46:55 [2@iZ94svonjw7Z]
内部 #1: 启动 planningrecall
2016-03-24 02:46:57 [@iZ94svonjw7Z]
内部 #1: 启动 queuedmail
2016-03-25 01:42:15 [@iZ94svonjw7Z]
内部 #1: 启动 queuedmail
2016-03-25 01:42:16 [@iZ94svonjw7Z]
内部 #1: 启动 infocom
2016-03-25 01:42:16 [@iZ94svonjw7Z]
内部 #1: 启动 mailgate
2016-03-25 01:42:42 [@iZ94svonjw7Z]
内部 #1: 启动 slaticket
