2016-03-23 13:59:50 [2@iZ94svonjw7Z]
0 seconds for "数据迁移 - config table" @ 2016-03-23 13:59:50 [2@iZ94svonjw7Z]
0 seconds for "更改数据库布局- glpi_configs" @ 2016-03-23 13:59:50 [2@iZ94svonjw7Z]
0 seconds for "更改数据库布局- glpi_configs" @ 2016-03-23 13:59:50 [2@iZ94svonjw7Z]
0 seconds for "更改数据库布局- glpi_configs" @ 2016-03-23 13:59:51 [2@iZ94svonjw7Z]
1 second for "更改数据库布局- glpi_configs" @ 2016-03-23 13:59:51 [2@iZ94svonjw7Z]
0 seconds for "更改数据库布局- glpi_configs" @ 2016-03-23 13:59:51 [2@iZ94svonjw7Z]
0 seconds for "更改数据库布局- glpi_configs" @ 2016-03-23 13:59:52 [2@iZ94svonjw7Z]
1 second for "数据迁移 - profile table" @ 2016-03-23 13:59:52 [2@iZ94svonjw7Z]
0 seconds for "更改数据库布局- glpi_profiles" @ 2016-03-23 13:59:52 [2@iZ94svonjw7Z]
0 seconds for "Update for mailqueue" @ 2016-03-23 13:59:52 [2@iZ94svonjw7Z]
0 seconds for "更改数据库布局- glpi_entities" @ 2016-03-23 13:59:52 [2@iZ94svonjw7Z]
0 seconds for "更改数据库布局- Change" @ 2016-03-23 13:59:52 [2@iZ94svonjw7Z]
0 seconds for "数据迁移 - drop rules cache" @ 2016-03-23 13:59:52 [2@iZ94svonjw7Z]
0 seconds for "数据迁移 - glpi_rules" @ 2016-03-23 13:59:52 [2@iZ94svonjw7Z]
0 seconds for "更改数据库布局- glpi_rules" @ 2016-03-23 13:59:52 [2@iZ94svonjw7Z]
0 seconds for "更改数据库布局- glpi_slalevels" @ 2016-03-23 13:59:52 [2@iZ94svonjw7Z]
0 seconds for "数据迁移 - glpi_knowbaseitemtranslations" @ 2016-03-23 13:59:52 [2@iZ94svonjw7Z]
0 seconds for "数据迁移 - glpi_dropdowntranslations" @ 2016-03-23 13:59:52 [2@iZ94svonjw7Z]
0 seconds for "数据迁移 - glpi_states" @ 2016-03-23 13:59:52 [2@iZ94svonjw7Z]
0 seconds for "更改数据库布局- glpi_domains" @ 2016-03-23 13:59:53 [2@iZ94svonjw7Z]
1 second for "更改数据库布局- glpi_states" @ 2016-03-23 13:59:53 [2@iZ94svonjw7Z]
0 seconds for "数据迁移 - glpi_slas" @ 2016-03-23 13:59:53 [2@iZ94svonjw7Z]
0 seconds for "更改数据库布局- glpi_slas" @ 2016-03-23 13:59:53 [2@iZ94svonjw7Z]
0 seconds for "数据迁移 - glpi_documents" @ 2016-03-23 13:59:53 [2@iZ94svonjw7Z]
0 seconds for "更改数据库布局- glpi_documents" @ 2016-03-23 13:59:53 [2@iZ94svonjw7Z]
0 seconds for "数据迁移 - glpi_softwarecategories" @ 2016-03-23 13:59:53 [2@iZ94svonjw7Z]
0 seconds for "更改数据库布局- glpi_softwarecategories" @ 2016-03-23 13:59:53 [2@iZ94svonjw7Z]
0 seconds for "更改数据库布局- various" @ 2016-03-23 13:59:53 [2@iZ94svonjw7Z]
0 seconds for "更改数据库布局- glpi_consumableitems" @ 2016-03-23 13:59:53 [2@iZ94svonjw7Z]
0 seconds for "更改数据库布局- glpi_cartridgeitems" @ 2016-03-23 13:59:53 [2@iZ94svonjw7Z]
0 seconds for "数据迁移 - glpi_projects" @ 2016-03-23 13:59:53 [2@iZ94svonjw7Z]
0 seconds for "更改数据库布局- glpi_groups" @ 2016-03-23 13:59:53 [2@iZ94svonjw7Z]
0 seconds for "数据迁移 - notepad" @ 2016-03-23 13:59:53 [2@iZ94svonjw7Z]
0 seconds for "数据迁移 - ticketvalidations status" @ 2016-03-23 13:59:53 [2@iZ94svonjw7Z]
0 seconds for "数据迁移 - tickets and changes global_validation" @ 2016-03-23 13:59:53 [2@iZ94svonjw7Z]
0 seconds for "数据迁移 - tickettemplatepredefinedfields value" @ 2016-03-23 13:59:53 [2@iZ94svonjw7Z]
0 seconds for "数据迁移 - Devices" @ 2016-03-23 13:59:53 [2@iZ94svonjw7Z]
0 seconds for "更改数据库布局- glpi_devicemotherboards" @ 2016-03-23 13:59:53 [2@iZ94svonjw7Z]
0 seconds for "更改数据库布局- glpi_deviceprocessors" @ 2016-03-23 13:59:53 [2@iZ94svonjw7Z]
0 seconds for "更改数据库布局- glpi_devicememories" @ 2016-03-23 13:59:53 [2@iZ94svonjw7Z]
0 seconds for "更改数据库布局- glpi_deviceharddrives" @ 2016-03-23 13:59:53 [2@iZ94svonjw7Z]
0 seconds for "更改数据库布局- glpi_devicenetworkcards" @ 2016-03-23 13:59:53 [2@iZ94svonjw7Z]
0 seconds for "更改数据库布局- glpi_devicedrives" @ 2016-03-23 13:59:53 [2@iZ94svonjw7Z]
0 seconds for "更改数据库布局- glpi_devicecontrols" @ 2016-03-23 13:59:53 [2@iZ94svonjw7Z]
0 seconds for "更改数据库布局- glpi_devicegraphiccards" @ 2016-03-23 13:59:53 [2@iZ94svonjw7Z]
0 seconds for "更改数据库布局- glpi_devicesoundcards" @ 2016-03-23 13:59:53 [2@iZ94svonjw7Z]
0 seconds for "更改数据库布局- glpi_devicepcis" @ 2016-03-23 13:59:53 [2@iZ94svonjw7Z]
0 seconds for "更改数据库布局- glpi_devicecases" @ 2016-03-23 13:59:53 [2@iZ94svonjw7Z]
0 seconds for "更改数据库布局- glpi_devicepowersupplies" @ 2016-03-23 13:59:53 [2@iZ94svonjw7Z]
0 seconds for "更改数据库布局- glpi_items_devicemotherboards" @ 2016-03-23 13:59:53 [2@iZ94svonjw7Z]
0 seconds for "更改数据库布局- glpi_items_deviceprocessors" @ 2016-03-23 13:59:53 [2@iZ94svonjw7Z]
0 seconds for "更改数据库布局- glpi_items_devicememories" @ 2016-03-23 13:59:53 [2@iZ94svonjw7Z]
0 seconds for "更改数据库布局- glpi_items_deviceharddrives" @ 2016-03-23 13:59:53 [2@iZ94svonjw7Z]
0 seconds for "更改数据库布局- glpi_items_devicenetworkcards" @ 2016-03-23 13:59:53 [2@iZ94svonjw7Z]
0 seconds for "更改数据库布局- glpi_items_devicedrives" @ 2016-03-23 13:59:53 [2@iZ94svonjw7Z]
0 seconds for "更改数据库布局- glpi_items_devicecontrols" @ 2016-03-23 13:59:53 [2@iZ94svonjw7Z]
0 seconds for "更改数据库布局- glpi_items_devicegraphiccards" @ 2016-03-23 13:59:53 [2@iZ94svonjw7Z]
0 seconds for "更改数据库布局- glpi_items_devicesoundcards" @ 2016-03-23 13:59:53 [2@iZ94svonjw7Z]
0 seconds for "更改数据库布局- glpi_items_devicepcis" @ 2016-03-23 13:59:53 [2@iZ94svonjw7Z]
0 seconds for "更改数据库布局- glpi_items_devicecases" @ 2016-03-23 13:59:53 [2@iZ94svonjw7Z]
0 seconds for "更改数据库布局- glpi_items_devicepowersupplies" @ 2016-03-23 13:59:53 [2@iZ94svonjw7Z]
0 seconds for "更改数据库布局- glpi_items_devicecases" @ 2016-03-23 13:59:53 [2@iZ94svonjw7Z]
0 seconds for "更改数据库布局- glpi_items_devicecontrols" @ 2016-03-23 13:59:53 [2@iZ94svonjw7Z]
0 seconds for "更改数据库布局- glpi_items_devicedrives" @ 2016-03-23 13:59:53 [2@iZ94svonjw7Z]
0 seconds for "更改数据库布局- glpi_items_devicegraphiccards" @ 2016-03-23 13:59:53 [2@iZ94svonjw7Z]
0 seconds for "更改数据库布局- glpi_items_deviceharddrives" @ 2016-03-23 13:59:53 [2@iZ94svonjw7Z]
0 seconds for "更改数据库布局- glpi_items_devicememories" @ 2016-03-23 13:59:53 [2@iZ94svonjw7Z]
0 seconds for "更改数据库布局- glpi_items_devicemotherboards" @ 2016-03-23 13:59:53 [2@iZ94svonjw7Z]
0 seconds for "更改数据库布局- glpi_items_devicenetworkcards" @ 2016-03-23 13:59:53 [2@iZ94svonjw7Z]
0 seconds for "更改数据库布局- glpi_items_devicepcis" @ 2016-03-23 13:59:53 [2@iZ94svonjw7Z]
0 seconds for "更改数据库布局- glpi_items_devicepowersupplies" @ 2016-03-23 13:59:53 [2@iZ94svonjw7Z]
0 seconds for "更改数据库布局- glpi_items_deviceprocessors" @ 2016-03-23 13:59:53 [2@iZ94svonjw7Z]
0 seconds for "更改数据库布局- glpi_items_devicesoundcards" @ 2016-03-23 13:59:53 [2@iZ94svonjw7Z]
0 seconds for "数据迁移 - License validity" @ 2016-03-23 13:59:53 [2@iZ94svonjw7Z]
0 seconds for "更改数据库布局- glpi_softwarelicenses" @ 2016-03-23 13:59:53 [2@iZ94svonjw7Z]
0 seconds for "更改数据库布局- glpi_softwares" @ 2016-03-23 13:59:53 [2@iZ94svonjw7Z]
0 seconds for "更改数据库布局- glpi_rules" @ 2016-03-23 13:59:53 [2@iZ94svonjw7Z]
0 seconds for "数据迁移 - IP improvment" @ 2016-03-23 13:59:53 [2@iZ94svonjw7Z]
0 seconds for "更改数据库布局- glpi_ipaddresses" @ 2016-03-23 13:59:53 [2@iZ94svonjw7Z]
0 seconds for "数据迁移 - glpi_displaypreferences" @ 2016-03-23 13:59:54 [2@iZ94svonjw7Z]
1 second for "数据迁移 - glpi_displaypreferences" @ 2016-03-23 13:59:54 [2@iZ94svonjw7Z]
0 seconds for "更改数据库布局- glpi_itilcategories" @ 2016-03-23 13:59:54 [2@iZ94svonjw7Z]
0 seconds for "更改数据库布局- glpi_profiles" @ 2016-03-23 13:59:54 [2@iZ94svonjw7Z]
0 seconds for "更改数据库布局- glpi_users" @ 2016-03-23 13:59:54 [2@iZ94svonjw7Z]
0 seconds for "更改数据库布局- glpi_authldaps" @ 2016-03-23 13:59:54 [2@iZ94svonjw7Z]
0 seconds for "更改数据库布局- glpi_links" @ 2016-03-23 13:59:54 [2@iZ94svonjw7Z]
0 seconds for "更改数据库布局- glpi_knowbaseitems" @ 2016-03-23 13:59:54 [2@iZ94svonjw7Z]
0 seconds for "更改数据库布局- glpi_tickets" @ 2016-03-23 13:59:54 [2@iZ94svonjw7Z]
0 seconds for "更改数据库布局- glpi_tickettasks" @ 2016-03-23 13:59:54 [2@iZ94svonjw7Z]
0 seconds for "更改数据库布局- glpi_queuedmails" @ 2016-03-23 13:59:54 [2@iZ94svonjw7Z]
0 seconds for "更改数据库布局- glpi_softwarecategories" @ 2016-03-23 13:59:54 [2@iZ94svonjw7Z]
0 seconds for "更改数据库布局- glpi_projects" @ 2016-03-23 13:59:54 [2@iZ94svonjw7Z]
0 seconds for "更改数据库布局- glpi_groups" @ 2016-03-23 13:59:54 [2@iZ94svonjw7Z]
0 seconds for "更改数据库布局- glpi_budgets" @ 2016-03-23 13:59:54 [2@iZ94svonjw7Z]
0 seconds for "更改数据库布局- glpi_cartridgeitems" @ 2016-03-23 13:59:54 [2@iZ94svonjw7Z]
0 seconds for "更改数据库布局- glpi_changes" @ 2016-03-23 13:59:54 [2@iZ94svonjw7Z]
0 seconds for "更改数据库布局- glpi_computers" @ 2016-03-23 13:59:54 [2@iZ94svonjw7Z]
0 seconds for "更改数据库布局- glpi_consumableitems" @ 2016-03-23 13:59:54 [2@iZ94svonjw7Z]
0 seconds for "更改数据库布局- glpi_contacts" @ 2016-03-23 13:59:54 [2@iZ94svonjw7Z]
0 seconds for "更改数据库布局- glpi_contracts" @ 2016-03-23 13:59:54 [2@iZ94svonjw7Z]
0 seconds for "更改数据库布局- glpi_documents" @ 2016-03-23 13:59:54 [2@iZ94svonjw7Z]
0 seconds for "更改数据库布局- glpi_entities" @ 2016-03-23 13:59:54 [2@iZ94svonjw7Z]
0 seconds for "更改数据库布局- glpi_monitors" @ 2016-03-23 13:59:54 [2@iZ94svonjw7Z]
0 seconds for "更改数据库布局- glpi_networkequipments" @ 2016-03-23 13:59:54 [2@iZ94svonjw7Z]
0 seconds for "更改数据库布局- glpi_peripherals" @ 2016-03-23 13:59:54 [2@iZ94svonjw7Z]
0 seconds for "更改数据库布局- glpi_phones" @ 2016-03-23 13:59:54 [2@iZ94svonjw7Z]
0 seconds for "更改数据库布局- glpi_printers" @ 2016-03-23 13:59:54 [2@iZ94svonjw7Z]
0 seconds for "更改数据库布局- glpi_problems" @ 2016-03-23 13:59:54 [2@iZ94svonjw7Z]
0 seconds for "更改数据库布局- glpi_projecttasks" @ 2016-03-23 13:59:54 [2@iZ94svonjw7Z]
0 seconds for "更改数据库布局- glpi_suppliers" @ 2016-03-23 13:59:54 [2@iZ94svonjw7Z]
0 seconds for "更改数据库布局- glpi_ticketvalidations" @ 2016-03-23 13:59:54 [2@iZ94svonjw7Z]
0 seconds for "更改数据库布局- glpi_devicemotherboards" @ 2016-03-23 13:59:54 [2@iZ94svonjw7Z]
0 seconds for "更改数据库布局- glpi_deviceprocessors" @ 2016-03-23 13:59:54 [2@iZ94svonjw7Z]
0 seconds for "更改数据库布局- glpi_devicememories" @ 2016-03-23 13:59:54 [2@iZ94svonjw7Z]
0 seconds for "更改数据库布局- glpi_deviceharddrives" @ 2016-03-23 13:59:54 [2@iZ94svonjw7Z]
0 seconds for "更改数据库布局- glpi_devicenetworkcards" @ 2016-03-23 13:59:54 [2@iZ94svonjw7Z]
0 seconds for "更改数据库布局- glpi_devicedrives" @ 2016-03-23 13:59:54 [2@iZ94svonjw7Z]
0 seconds for "更改数据库布局- glpi_devicecontrols" @ 2016-03-23 13:59:54 [2@iZ94svonjw7Z]
0 seconds for "更改数据库布局- glpi_devicegraphiccards" @ 2016-03-23 13:59:54 [2@iZ94svonjw7Z]
0 seconds for "更改数据库布局- glpi_devicesoundcards" @ 2016-03-23 13:59:54 [2@iZ94svonjw7Z]
0 seconds for "更改数据库布局- glpi_devicepcis" @ 2016-03-23 13:59:54 [2@iZ94svonjw7Z]
0 seconds for "更改数据库布局- glpi_devicecases" @ 2016-03-23 13:59:54 [2@iZ94svonjw7Z]
0 seconds for "更改数据库布局- glpi_devicepowersupplies" @ 2016-03-23 13:59:54 [2@iZ94svonjw7Z]
0 seconds for "更改数据库布局- glpi_items_devicecases" @ 2016-03-23 13:59:54 [2@iZ94svonjw7Z]
0 seconds for "更改数据库布局- glpi_items_devicecontrols" @ 2016-03-23 13:59:54 [2@iZ94svonjw7Z]
0 seconds for "更改数据库布局- glpi_items_devicedrives" @ 2016-03-23 13:59:54 [2@iZ94svonjw7Z]
0 seconds for "更改数据库布局- glpi_items_devicegraphiccards" @ 2016-03-23 13:59:54 [2@iZ94svonjw7Z]
0 seconds for "更改数据库布局- glpi_items_deviceharddrives" @ 2016-03-23 13:59:54 [2@iZ94svonjw7Z]
0 seconds for "更改数据库布局- glpi_items_devicememories" @ 2016-03-23 13:59:54 [2@iZ94svonjw7Z]
0 seconds for "更改数据库布局- glpi_items_devicemotherboards" @ 2016-03-23 13:59:54 [2@iZ94svonjw7Z]
0 seconds for "更改数据库布局- glpi_items_devicenetworkcards" @ 2016-03-23 13:59:54 [2@iZ94svonjw7Z]
0 seconds for "更改数据库布局- glpi_items_devicepcis" @ 2016-03-23 13:59:54 [2@iZ94svonjw7Z]
0 seconds for "更改数据库布局- glpi_items_devicepowersupplies" @ 2016-03-23 13:59:54 [2@iZ94svonjw7Z]
0 seconds for "更改数据库布局- glpi_items_deviceprocessors" @ 2016-03-23 13:59:54 [2@iZ94svonjw7Z]
0 seconds for "更改数据库布局- glpi_items_devicesoundcards" @ 2016-03-23 13:59:54 [2@iZ94svonjw7Z]
0 seconds for "更改数据库布局- glpi_suppliers_tickets" @ 2016-03-23 13:59:54 [2@iZ94svonjw7Z]
0 seconds for "更改数据库布局- glpi_problems_suppliers" @ 2016-03-23 13:59:54 [2@iZ94svonjw7Z]
0 seconds for "更改数据库布局- glpi_changes_suppliers" @ 2016-03-23 13:59:54 [2@iZ94svonjw7Z]
0 seconds for "更改数据库布局- glpi_locations" @ 2016-03-23 13:59:54 [2@iZ94svonjw7Z]
0 seconds for "更改数据库布局- glpi_computervirtualmachines" @ 2016-03-23 13:59:54 [2@iZ94svonjw7Z]
0 seconds for "更改数据库布局- glpi_ipaddresses" @ 2016-03-23 13:59:54 [2@iZ94svonjw7Z]
0 seconds for "任务完成" @ 