2016-03-23 13:59:54 [2@iZ94svonjw7Z]
0 seconds for "任务完成" @ 2016-03-23 13:59:54 [2@iZ94svonjw7Z]
0 seconds for "优化 - 开始" @ 2016-03-23 13:59:54 [2@iZ94svonjw7Z]
0 seconds for "优化 - glpi_alerts" @ 2016-03-23 13:59:54 [2@iZ94svonjw7Z]
0 seconds for "优化 - glpi_authldapreplicates" @ 2016-03-23 13:59:54 [2@iZ94svonjw7Z]
0 seconds for "优化 - glpi_authldaps" @ 2016-03-23 13:59:54 [2@iZ94svonjw7Z]
0 seconds for "优化 - glpi_authmails" @ 2016-03-23 13:59:54 [2@iZ94svonjw7Z]
0 seconds for "优化 - glpi_autoupdatesystems" @ 2016-03-23 13:59:54 [2@iZ94svonjw7Z]
0 seconds for "优化 - glpi_blacklistedmailcontents" @ 2016-03-23 13:59:54 [2@iZ94svonjw7Z]
0 seconds for "优化 - glpi_blacklists" @ 2016-03-23 13:59:54 [2@iZ94svonjw7Z]
0 seconds for "优化 - glpi_bookmarks" @ 2016-03-23 13:59:54 [2@iZ94svonjw7Z]
0 seconds for "优化 - glpi_bookmarks_users" @ 2016-03-23 13:59:54 [2@iZ94svonjw7Z]
0 seconds for "优化 - glpi_budgets" @ 2016-03-23 13:59:54 [2@iZ94svonjw7Z]
0 seconds for "优化 - glpi_calendars" @ 2016-03-23 13:59:54 [2@iZ94svonjw7Z]
0 seconds for "优化 - glpi_calendars_holidays" @ 2016-03-23 13:59:54 [2@iZ94svonjw7Z]
0 seconds for "优化 - glpi_calendarsegments" @ 2016-03-23 13:59:54 [2@iZ94svonjw7Z]
0 seconds for "优化 - glpi_cartridgeitems" @ 2016-03-23 13:59:54 [2@iZ94svonjw7Z]
0 seconds for "优化 - glpi_cartridgeitems_printermodels" @ 2016-03-23 13:59:54 [2@iZ94svonjw7Z]
0 seconds for "优化 - glpi_cartridgeitemtypes" @ 2016-03-23 13:59:54 [2@iZ94svonjw7Z]
0 seconds for "优化 - glpi_cartridges" @ 2016-03-23 13:59:54 [2@iZ94svonjw7Z]
0 seconds for "优化 - glpi_changecosts" @ 2016-03-23 13:59:54 [2@iZ94svonjw7Z]
0 seconds for "优化 - glpi_changes" @ 2016-03-23 13:59:54 [2@iZ94svonjw7Z]
0 seconds for "优化 - glpi_changes_groups" @ 2016-03-23 13:59:54 [2@iZ94svonjw7Z]
0 seconds for "优化 - glpi_changes_items" @ 2016-03-23 13:59:54 [2@iZ94svonjw7Z]
0 seconds for "优化 - glpi_changes_problems" @ 2016-03-23 13:59:54 [2@iZ94svonjw7Z]
0 seconds for "优化 - glpi_changes_projects" @ 2016-03-23 13:59:54 [2@iZ94svonjw7Z]
0 seconds for "优化 - glpi_changes_suppliers" @ 2016-03-23 13:59:54 [2@iZ94svonjw7Z]
0 seconds for "优化 - glpi_changes_tickets" @ 2016-03-23 13:59:54 [2@iZ94svonjw7Z]
0 seconds for "优化 - glpi_changes_users" @ 2016-03-23 13:59:54 [2@iZ94svonjw7Z]
0 seconds for "优化 - glpi_changetasks" @ 2016-03-23 13:59:54 [2@iZ94svonjw7Z]
0 seconds for "优化 - glpi_changevalidations" @ 2016-03-23 13:59:54 [2@iZ94svonjw7Z]
0 seconds for "优化 - glpi_computerdisks" @ 2016-03-23 13:59:54 [2@iZ94svonjw7Z]
0 seconds for "优化 - glpi_computermodels" @ 2016-03-23 13:59:54 [2@iZ94svonjw7Z]
0 seconds for "优化 - glpi_computers" @ 2016-03-23 13:59:54 [2@iZ94svonjw7Z]
0 seconds for "优化 - glpi_computers_items" @ 2016-03-23 13:59:54 [2@iZ94svonjw7Z]
0 seconds for "优化 - glpi_computers_softwarelicenses" @ 2016-03-23 13:59:54 [2@iZ94svonjw7Z]
0 seconds for "优化 - glpi_computers_softwareversions" @ 2016-03-23 13:59:54 [2@iZ94svonjw7Z]
0 seconds for "优化 - glpi_computertypes" @ 2016-03-23 13:59:54 [2@iZ94svonjw7Z]
0 seconds for "优化 - glpi_computervirtualmachines" @ 2016-03-23 13:59:54 [2@iZ94svonjw7Z]
0 seconds for "优化 - glpi_configs" @ 2016-03-23 13:59:54 [2@iZ94svonjw7Z]
0 seconds for "优化 - glpi_consumableitems" @ 2016-03-23 13:59:54 [2@iZ94svonjw7Z]
0 seconds for "优化 - glpi_consumableitemtypes" @ 2016-03-23 13:59:54 [2@iZ94svonjw7Z]
0 seconds for "优化 - glpi_consumables" @ 2016-03-23 13:59:54 [2@iZ94svonjw7Z]
0 seconds for "优化 - glpi_contacts" @ 2016-03-23 13:59:54 [2@iZ94svonjw7Z]
0 seconds for "优化 - glpi_contacts_suppliers" @ 2016-03-23 13:59:54 [2@iZ94svonjw7Z]
0 seconds for "优化 - glpi_contacttypes" @ 2016-03-23 13:59:54 [2@iZ94svonjw7Z]
0 seconds for "优化 - glpi_contractcosts" @ 2016-03-23 13:59:54 [2@iZ94svonjw7Z]
0 seconds for "优化 - glpi_contracts" @ 2016-03-23 13:59:54 [2@iZ94svonjw7Z]
0 seconds for "优化 - glpi_contracts_items" @ 2016-03-23 13:59:54 [2@iZ94svonjw7Z]
0 seconds for "优化 - glpi_contracts_suppliers" @ 2016-03-23 13:59:54 [2@iZ94svonjw7Z]
0 seconds for "优化 - glpi_contracttypes" @ 2016-03-23 13:59:54 [2@iZ94svonjw7Z]
0 seconds for "优化 - glpi_crontasklogs" @ 2016-03-23 13:59:54 [2@iZ94svonjw7Z]
0 seconds for "优化 - glpi_crontasks" @ 2016-03-23 13:59:54 [2@iZ94svonjw7Z]
0 seconds for "优化 - glpi_devicecases" @ 2016-03-23 13:59:54 [2@iZ94svonjw7Z]
0 seconds for "优化 - glpi_devicecasetypes" @ 2016-03-23 13:59:54 [2@iZ94svonjw7Z]
0 seconds for "优化 - glpi_devicecontrols" @ 2016-03-23 13:59:54 [2@iZ94svonjw7Z]
0 seconds for "优化 - glpi_devicedrives" @ 2016-03-23 13:59:54 [2@iZ94svonjw7Z]
0 seconds for "优化 - glpi_devicegraphiccards" @ 2016-03-23 13:59:54 [2@iZ94svonjw7Z]
0 seconds for "优化 - glpi_deviceharddrives" @ 2016-03-23 13:59:54 [2@iZ94svonjw7Z]
0 seconds for "优化 - glpi_devicememories" @ 2016-03-23 13:59:54 [2@iZ94svonjw7Z]
0 seconds for "优化 - glpi_devicememorytypes" @ 2016-03-23 13:59:54 [2@iZ94svonjw7Z]
0 seconds for "优化 - glpi_devicemotherboards" @ 2016-03-23 13:59:54 [2@iZ94svonjw7Z]
0 seconds for "优化 - glpi_devicenetworkcards" @ 2016-03-23 13:59:54 [2@iZ94svonjw7Z]
0 seconds for "优化 - glpi_devicepcis" @ 2016-03-23 13:59:54 [2@iZ94svonjw7Z]
0 seconds for "优化 - glpi_devicepowersupplies" @ 2016-03-23 13:59:54 [2@iZ94svonjw7Z]
0 seconds for "优化 - glpi_deviceprocessors" @ 2016-03-23 13:59:54 [2@iZ94svonjw7Z]
0 seconds for "优化 - glpi_devicesoundcards" @ 2016-03-23 13:59:54 [2@iZ94svonjw7Z]
0 seconds for "优化 - glpi_displaypreferences" @ 2016-03-23 13:59:54 [2@iZ94svonjw7Z]
0 seconds for "优化 - glpi_documentcategories" @ 2016-03-23 13:59:55 [2@iZ94svonjw7Z]
1 second for "优化 - glpi_documents" @ 2016-03-23 13:59:55 [2@iZ94svonjw7Z]
0 seconds for "优化 - glpi_documents_items" @ 2016-03-23 13:59:55 [2@iZ94svonjw7Z]
0 seconds for "优化 - glpi_documenttypes" @ 2016-03-23 13:59:55 [2@iZ94svonjw7Z]
0 seconds for "优化 - glpi_domains" @ 2016-03-23 13:59:55 [2@iZ94svonjw7Z]
0 seconds for "优化 - glpi_dropdowntranslations" @ 2016-03-23 13:59:55 [2@iZ94svonjw7Z]
0 seconds for "优化 - glpi_entities" @ 2016-03-23 13:59:55 [2@iZ94svonjw7Z]
0 seconds for "优化 - glpi_entities_knowbaseitems" @ 2016-03-23 13:59:55 [2@iZ94svonjw7Z]
0 seconds for "优化 - glpi_entities_reminders" @ 2016-03-23 13:59:55 [2@iZ94svonjw7Z]
0 seconds for "优化 - glpi_entities_rssfeeds" @ 2016-03-23 13:59:55 [2@iZ94svonjw7Z]
0 seconds for "优化 - glpi_events" @ 2016-03-23 13:59:55 [2@iZ94svonjw7Z]
0 seconds for "优化 - glpi_fieldblacklists" @ 2016-03-23 13:59:55 [2@iZ94svonjw7Z]
0 seconds for "优化 - glpi_fieldunicities" @ 2016-03-23 13:59:55 [2@iZ94svonjw7Z]
0 seconds for "优化 - glpi_filesystems" @ 2016-03-23 13:59:55 [2@iZ94svonjw7Z]
0 seconds for "优化 - glpi_fqdns" @ 2016-03-23 13:59:55 [2@iZ94svonjw7Z]
0 seconds for "优化 - glpi_groups" @ 2016-03-23 13:59:55 [2@iZ94svonjw7Z]
0 seconds for "优化 - glpi_groups_knowbaseitems" @ 2016-03-23 13:59:55 [2@iZ94svonjw7Z]
0 seconds for "优化 - glpi_groups_problems" @ 2016-03-23 13:59:55 [2@iZ94svonjw7Z]
0 seconds for "优化 - glpi_groups_reminders" @ 2016-03-23 13:59:55 [2@iZ94svonjw7Z]
0 seconds for "优化 - glpi_groups_rssfeeds" @ 2016-03-23 13:59:55 [2@iZ94svonjw7Z]
0 seconds for "优化 - glpi_groups_tickets" @ 2016-03-23 13:59:55 [2@iZ94svonjw7Z]
0 seconds for "优化 - glpi_groups_users" @ 2016-03-23 13:59:55 [2@iZ94svonjw7Z]
0 seconds for "优化 - glpi_holidays" @ 2016-03-23 13:59:55 [2@iZ94svonjw7Z]
0 seconds for "优化 - glpi_infocoms" @ 2016-03-23 13:59:55 [2@iZ94svonjw7Z]
0 seconds for "优化 - glpi_interfacetypes" @ 2016-03-23 13:59:55 [2@iZ94svonjw7Z]
0 seconds for "优化 - glpi_ipaddresses" @ 2016-03-23 13:59:55 [2@iZ94svonjw7Z]
0 seconds for "优化 - glpi_ipaddresses_ipnetworks" @ 2016-03-23 13:59:55 [2@iZ94svonjw7Z]
0 seconds for "优化 - glpi_ipnetworks" @ 2016-03-23 13:59:55 [2@iZ94svonjw7Z]
0 seconds for "优化 - glpi_ipnetworks_vlans" @ 2016-03-23 13:59:55 [2@iZ94svonjw7Z]
0 seconds for "优化 - glpi_items_devicecases" @ 2016-03-23 13:59:55 [2@iZ94svonjw7Z]
0 seconds for "优化 - glpi_items_devicecontrols" @ 2016-03-23 13:59:55 [2@iZ94svonjw7Z]
0 seconds for "优化 - glpi_items_devicedrives" @ 2016-03-23 13:59:55 [2@iZ94svonjw7Z]
0 seconds for "优化 - glpi_items_devicegraphiccards" @ 2016-03-23 13:59:55 [2@iZ94svonjw7Z]
0 seconds for "优化 - glpi_items_deviceharddrives" @ 2016-03-23 13:59:55 [2@iZ94svonjw7Z]
0 seconds for "优化 - glpi_items_devicememories" @ 2016-03-23 13:59:55 [2@iZ94svonjw7Z]
0 seconds for "优化 - glpi_items_devicemotherboards" @ 2016-03-23 13:59:55 [2@iZ94svonjw7Z]
0 seconds for "优化 - glpi_items_devicenetworkcards" @ 2016-03-23 13:59:55 [2@iZ94svonjw7Z]
0 seconds for "优化 - glpi_items_devicepcis" @ 2016-03-23 13:59:55 [2@iZ94svonjw7Z]
0 seconds for "优化 - glpi_items_devicepowersupplies" @ 2016-03-23 13:59:55 [2@iZ94svonjw7Z]
0 seconds for "优化 - glpi_items_deviceprocessors" @ 2016-03-23 13:59:55 [2@iZ94svonjw7Z]
0 seconds for "优化 - glpi_items_devicesoundcards" @ 2016-03-23 13:59:55 [2@iZ94svonjw7Z]
0 seconds for "优化 - glpi_items_problems" @ 2016-03-23 13:59:55 [2@iZ94svonjw7Z]
0 seconds for "优化 - glpi_items_projects" @ 2016-03-23 13:59:55 [2@iZ94svonjw7Z]
0 seconds for "优化 - glpi_items_tickets" @ 2016-03-23 13:59:55 [2@iZ94svonjw7Z]
0 seconds for "优化 - glpi_itilcategories" @ 2016-03-23 13:59:55 [2@iZ94svonjw7Z]
0 seconds for "优化 - glpi_knowbaseitemcategories" @ 2016-03-23 13:59:55 [2@iZ94svonjw7Z]
0 seconds for "优化 - glpi_knowbaseitems" @ 2016-03-23 13:59:55 [2@iZ94svonjw7Z]
0 seconds for "优化 - glpi_knowbaseitems_profiles" @ 2016-03-23 13:59:55 [2@iZ94svonjw7Z]
0 seconds for "优化 - glpi_knowbaseitems_users" @ 2016-03-23 13:59:55 [2@iZ94svonjw7Z]
0 seconds for "优化 - glpi_knowbaseitemtranslations" @ 2016-03-23 13:59:55 [2@iZ94svonjw7Z]
0 seconds for "优化 - glpi_links" @ 2016-03-23 13:59:55 [2@iZ94svonjw7Z]
0 seconds for "优化 - glpi_links_itemtypes" @ 2016-03-23 13:59:55 [2@iZ94svonjw7Z]
0 seconds for "优化 - glpi_locations" @ 2016-03-23 13:59:55 [2@iZ94svonjw7Z]
0 seconds for "优化 - glpi_logs" @ 2016-03-23 13:59:55 [2@iZ94svonjw7Z]
0 seconds for "优化 - glpi_mailcollectors" @ 2016-03-23 13:59:55 [2@iZ94svonjw7Z]
0 seconds for "优化 - glpi_manufacturers" @ 2016-03-23 13:59:55 [2@iZ94svonjw7Z]
0 seconds for "优化 - glpi_monitormodels" @ 2016-03-23 13:59:55 [2@iZ94svonjw7Z]
0 seconds for "优化 - glpi_monitors" @ 2016-03-23 13:59:55 [2@iZ94svonjw7Z]
0 seconds for "优化 - glpi_monitortypes" @ 2016-03-23 13:59:55 [2@iZ94svonjw7Z]
0 seconds for "优化 - glpi_netpoints" @ 2016-03-23 13:59:55 [2@iZ94svonjw7Z]
0 seconds for "优化 - glpi_networkaliases" @ 2016-03-23 13:59:55 [2@iZ94svonjw7Z]
0 seconds for "优化 - glpi_networkequipmentfirmwares" @ 2016-03-23 13:59:55 [2@iZ94svonjw7Z]
0 seconds for "优化 - glpi_networkequipmentmodels" @ 2016-03-23 13:59:55 [2@iZ94svonjw7Z]
0 seconds for "优化 - glpi_networkequipments" @ 2016-03-23 13:59:55 [2@iZ94svonjw7Z]
0 seconds for "优化 - glpi_networkequipmenttypes" @ 2016-03-23 13:59:55 [2@iZ94svonjw7Z]
0 seconds for "优化 - glpi_networkinterfaces" @ 2016-03-23 13:59:55 [2@iZ94svonjw7Z]
0 seconds for "优化 - glpi_networknames" @ 2016-03-23 13:59:55 [2@iZ94svonjw7Z]
0 seconds for "优化 - glpi_networkportaggregates" @ 2016-03-23 13:59:55 [2@iZ94svonjw7Z]
0 seconds for "优化 - glpi_networkportaliases" @ 2016-03-23 13:59:55 [2@iZ94svonjw7Z]
0 seconds for "优化 - glpi_networkportdialups" @ 2016-03-23 13:59:55 [2@iZ94svonjw7Z]
0 seconds for "优化 - glpi_networkportethernets" @ 2016-03-23 13:59:55 [2@iZ94svonjw7Z]
0 seconds for "优化 - glpi_networkportlocals" @ 2016-03-23 13:59:55 [2@iZ94svonjw7Z]
0 seconds for "优化 - glpi_networkports" @ 2016-03-23 13:59:55 [2@iZ94svonjw7Z]
0 seconds for "优化 - glpi_networkports_networkports" @ 2016-03-23 13:59:55 [2@iZ94svonjw7Z]
0 seconds for "优化 - glpi_networkports_vlans" @ 2016-03-23 13:59:55 [2@iZ94svonjw7Z]
0 seconds for "优化 - glpi_networkportwifis" @ 2016-03-23 13:59:55 [2@iZ94svonjw7Z]
0 seconds for "优化 - glpi_networks" @ 2016-03-23 13:59:55 [2@iZ94svonjw7Z]
0 seconds for "优化 - glpi_notepads" @ 2016-03-23 13:59:55 [2@iZ94svonjw7Z]
0 seconds for "优化 - glpi_notifications" @ 2016-03-23 13:59:55 [2@iZ94svonjw7Z]
0 seconds for "优化 - glpi_notificationtargets" @ 2016-03-23 13:59:55 [2@iZ94svonjw7Z]
0 seconds for "优化 - glpi_notificationtemplates" @ 2016-03-23 13:59:55 [2@iZ94svonjw7Z]
0 seconds for "优化 - glpi_notificationtemplatetranslations" @ 2016-03-23 13:59:55 [2@iZ94svonjw7Z]
0 seconds for "优化 - glpi_notimportedemails" @ 2016-03-23 13:59:55 [2@iZ94svonjw7Z]
0 seconds for "优化 - glpi_operatingsystems" @ 2016-03-23 13:59:55 [2@iZ94svonjw7Z]
0 seconds for "优化 - glpi_operatingsystemservicepacks" @ 2016-03-23 13:59:55 [2@iZ94svonjw7Z]
0 seconds for "优化 - glpi_operatingsystemversions" @ 2016-03-23 13:59:55 [2@iZ94svonjw7Z]
0 seconds for "优化 - glpi_peripheralmodels" @ 2016-03-23 13:59:55 [2@iZ94svonjw7Z]
0 seconds for "优化 - glpi_peripherals" @ 2016-03-23 13:59:55 [2@iZ94svonjw7Z]
0 seconds for "优化 - glpi_peripheraltypes" @ 2016-03-23 13:59:55 [2@iZ94svonjw7Z]
0 seconds for "优化 - glpi_phonemodels" @ 2016-03-23 13:59:55 [2@iZ94svonjw7Z]
0 seconds for "优化 - glpi_phonepowersupplies" @ 2016-03-23 13:59:55 [2@iZ94svonjw7Z]
0 seconds for "优化 - glpi_phones" @ 2016-03-23 13:59:55 [2@iZ94svonjw7Z]
0 seconds for "优化 - glpi_phonetypes" @ 2016-03-23 13:59:55 [2@iZ94svonjw7Z]
0 seconds for "优化 - glpi_planningrecalls" @ 2016-03-23 13:59:55 [2@iZ94svonjw7Z]
0 seconds for "优化 - glpi_plugin_ocsinventoryng_configs" @ 2016-03-23 13:59:55 [2@iZ94svonjw7Z]
0 seconds for "优化 - glpi_plugin_ocsinventoryng_details" @ 2016-03-23 13:59:55 [2@iZ94svonjw7Z]
0 seconds for "优化 - glpi_plugin_ocsinventoryng_networkports" @ 2016-03-23 13:59:55 [2@iZ94svonjw7Z]
0 seconds for "优化 - glpi_plugin_ocsinventoryng_networkporttypes" @ 2016-03-23 13:59:55 [2@iZ94svonjw7Z]
0 seconds for "优化 - glpi_plugin_ocsinventoryng_notimportedcomputers" @ 2016-03-23 13:59:55 [2@iZ94svonjw7Z]
0 seconds for "优化 - glpi_plugin_ocsinventoryng_ocsadmininfoslinks" @ 2016-03-23 13:59:55 [2@iZ94svonjw7Z]
0 seconds for "优化 - glpi_plugin_ocsinventoryng_ocslinks" @ 2016-03-23 13:59:55 [2@iZ94svonjw7Z]
0 seconds for "优化 - glpi_plugin_ocsinventoryng_ocsservers" @ 2016-03-23 13:59:55 [2@iZ94svonjw7Z]
0 seconds for "优化 - glpi_plugin_ocsinventoryng_profiles" @ 2016-03-23 13:59:55 [2@iZ94svonjw7Z]
0 seconds for "优化 - glpi_plugin_ocsinventoryng_registrykeys" @ 2016-03-23 13:59:55 [2@iZ94svonjw7Z]
0 seconds for "优化 - glpi_plugin_ocsinventoryng_servers" @ 2016-03-23 13:59:55 [2@iZ94svonjw7Z]
0 seconds for "优化 - glpi_plugin_ocsinventoryng_threads" @ 2016-03-23 13:59:55 [2@iZ94svonjw7Z]
0 seconds for "优化 - glpi_plugins" @ 2016-03-23 13:59:55 [2@iZ94svonjw7Z]
0 seconds for "优化 - glpi_printermodels" @ 2016-03-23 13:59:55 [2@iZ94svonjw7Z]
0 seconds for "优化 - glpi_printers" @ 2016-03-23 13:59:55 [2@iZ94svonjw7Z]
0 seconds for "优化 - glpi_printertypes" @ 2016-03-23 13:59:55 [2@iZ94svonjw7Z]
0 seconds for "优化 - glpi_problemcosts" @ 2016-03-23 13:59:55 [2@iZ94svonjw7Z]
0 seconds for "优化 - glpi_problems" @ 2016-03-23 13:59:55 [2@iZ94svonjw7Z]
0 seconds for "优化 - glpi_problems_suppliers" @ 2016-03-23 13:59:55 [2@iZ94svonjw7Z]
0 seconds for "优化 - glpi_problems_tickets" @ 2016-03-23 13:59:55 [2@iZ94svonjw7Z]
0 seconds for "优化 - glpi_problems_users" @ 2016-03-23 13:59:55 [2@iZ94svonjw7Z]
0 seconds for "优化 - glpi_problemtasks" @ 2016-03-23 13:59:55 [2@iZ94svonjw7Z]
0 seconds for "优化 - glpi_profilerights" @ 2016-03-23 13:59:55 [2@iZ94svonjw7Z]
0 seconds for "优化 - glpi_profiles" @ 2016-03-23 13:59:55 [2@iZ94svonjw7Z]
0 seconds for "优化 - glpi_profiles_reminders" @ 2016-03-23 13:59:55 [2@iZ94svonjw7Z]
0 seconds for "优化 - glpi_profiles_rssfeeds" @ 2016-03-23 13:59:55 [2@iZ94svonjw7Z]
0 seconds for "优化 - glpi_profiles_users" @ 2016-03-23 13:59:55 [2@iZ94svonjw7Z]
0 seconds for "优化 - glpi_projectcosts" @ 2016-03-23 13:59:55 [2@iZ94svonjw7Z]
0 seconds for "优化 - glpi_projects" @ 2016-03-23 13:59:55 [2@iZ94svonjw7Z]
0 seconds for "优化 - glpi_projectstates" @ 2016-03-23 13:59:55 [2@iZ94svonjw7Z]
0 seconds for "优化 - glpi_projecttasks" @ 2016-03-23 13:59:55 [2@iZ94svonjw7Z]
0 seconds for "优化 - glpi_projecttasks_tickets" @ 2016-03-23 13:59:55 [2@iZ94svonjw7Z]
0 seconds for "优化 - glpi_projecttaskteams" @ 2016-03-23 13:59:55 [2@iZ94svonjw7Z]
0 seconds for "优化 - glpi_projecttasktypes" @ 2016-03-23 13:59:55 [2@iZ94svonjw7Z]
0 seconds for "优化 - glpi_projectteams" @ 2016-03-23 13:59:55 [2@iZ94svonjw7Z]
0 seconds for "优化 - glpi_projecttypes" @ 2016-03-23 13:59:55 [2@iZ94svonjw7Z]
0 seconds for "优化 - glpi_queuedmails" @ 2016-03-23 13:59:55 [2@iZ94svonjw7Z]
0 seconds for "优化 - glpi_registeredids" @ 2016-03-23 13:59:55 [2@iZ94svonjw7Z]
0 seconds for "优化 - glpi_reminders" @ 2016-03-23 13:59:55 [2@iZ94svonjw7Z]
0 seconds for "优化 - glpi_reminders_users" @ 2016-03-23 13:59:55 [2@iZ94svonjw7Z]
0 seconds for "优化 - glpi_requesttypes" @ 2016-03-23 13:59:55 [2@iZ94svonjw7Z]
0 seconds for "优化 - glpi_reservationitems" @ 2016-03-23 13:59:55 [2@iZ94svonjw7Z]
0 seconds for "优化 - glpi_reservations" @ 2016-03-23 13:59:55 [2@iZ94svonjw7Z]
0 seconds for "优化 - glpi_rssfeeds" @ 2016-03-23 13:59:55 [2@iZ94svonjw7Z]
0 seconds for "优化 - glpi_rssfeeds_users" @ 2016-03-23 13:59:55 [2@iZ94svonjw7Z]
0 seconds for "优化 - glpi_ruleactions" @ 2016-03-23 13:59:55 [2@iZ94svonjw7Z]
0 seconds for "优化 - glpi_rulecriterias" @ 2016-03-23 13:59:55 [2@iZ94svonjw7Z]
0 seconds for "优化 - glpi_rulerightparameters" @ 2016-03-23 13:59:55 [2@iZ94svonjw7Z]
0 seconds for "优化 - glpi_rules" @ 2016-03-23 13:59:55 [2@iZ94svonjw7Z]
0 seconds for "优化 - glpi_slalevelactions" @ 2016-03-23 13:59:55 [2@iZ94svonjw7Z]
0 seconds for "优化 - glpi_slalevelcriterias" @ 2016-03-23 13:59:55 [2@iZ94svonjw7Z]
0 seconds for "优化 - glpi_slalevels" @ 2016-03-23 13:59:55 [2@iZ94svonjw7Z]
0 seconds for "优化 - glpi_slalevels_tickets" @ 2016-03-23 13:59:55 [2@iZ94svonjw7Z]
0 seconds for "优化 - glpi_slas" @ 2016-03-23 13:59:55 [2@iZ94svonjw7Z]
0 seconds for "优化 - glpi_softwarecategories" @ 2016-03-23 13:59:55 [2@iZ94svonjw7Z]
0 seconds for "优化 - glpi_softwarelicenses" @ 2016-03-23 13:59:55 [2@iZ94svonjw7Z]
0 seconds for "优化 - glpi_softwarelicensetypes" @ 2016-03-23 13:59:55 [2@iZ94svonjw7Z]
0 seconds for "优化 - glpi_softwares" @ 2016-03-23 13:59:55 [2@iZ94svonjw7Z]
0 seconds for "优化 - glpi_softwareversions" @ 2016-03-23 13:59:55 [2@iZ94svonjw7Z]
0 seconds for "优化 - glpi_solutiontemplates" @ 2016-03-23 13:59:55 [2@iZ94svonjw7Z]
0 seconds for "优化 - glpi_solutiontypes" @ 2016-03-23 13:59:55 [2@iZ94svonjw7Z]
0 seconds for "优化 - glpi_ssovariables" @ 2016-03-23 13:59:55 [2@iZ94svonjw7Z]
0 seconds for "优化 - glpi_states" @ 2016-03-23 13:59:55 [2@iZ94svonjw7Z]
0 seconds for "优化 - glpi_suppliers" @ 2016-03-23 13:59:55 [2@iZ94svonjw7Z]
0 seconds for "优化 - glpi_suppliers_tickets" @ 2016-03-23 13:59:55 [2@iZ94svonjw7Z]
0 seconds for "优化 - glpi_suppliertypes" @ 2016-03-23 13:59:55 [2@iZ94svonjw7Z]
0 seconds for "优化 - glpi_taskcategories" @ 2016-03-23 13:59:55 [2@iZ94svonjw7Z]
0 seconds for "优化 - glpi_ticketcosts" @ 2016-03-23 13:59:55 [2@iZ94svonjw7Z]
0 seconds for "优化 - glpi_ticketfollowups" @ 2016-03-23 13:59:55 [2@iZ94svonjw7Z]
0 seconds for "优化 - glpi_ticketrecurrents" @ 2016-03-23 13:59:55 [2@iZ94svonjw7Z]
0 seconds for "优化 - glpi_tickets" @ 2016-03-23 13:59:55 [2@iZ94svonjw7Z]
0 seconds for "优化 - glpi_tickets_tickets" @ 2016-03-23 13:59:55 [2@iZ94svonjw7Z]
0 seconds for "优化 - glpi_tickets_users" @ 2016-03-23 13:59:55 [2@iZ94svonjw7Z]
0 seconds for "优化 - glpi_ticketsatisfactions" @ 2016-03-23 13:59:55 [2@iZ94svonjw7Z]
0 seconds for "优化 - glpi_tickettasks" @ 2016-03-23 13:59:55 [2@iZ94svonjw7Z]
0 seconds for "优化 - glpi_tickettemplatehiddenfields" @ 2016-03-23 13:59:55 [2@iZ94svonjw7Z]
0 seconds for "优化 - glpi_tickettemplatemandatoryfields" @ 2016-03-23 13:59:55 [2@iZ94svonjw7Z]
0 seconds for "优化 - glpi_tickettemplatepredefinedfields" @ 2016-03-23 13:59:55 [2@iZ94svonjw7Z]
0 seconds for "优化 - glpi_tickettemplates" @ 2016-03-23 13:59:55 [2@iZ94svonjw7Z]
0 seconds for "优化 - glpi_ticketvalidations" @ 2016-03-23 13:59:55 [2@iZ94svonjw7Z]
0 seconds for "优化 - glpi_transfers" @ 2016-03-23 13:59:55 [2@iZ94svonjw7Z]
0 seconds for "优化 - glpi_usercategories" @ 2016-03-23 13:59:55 [2@iZ94svonjw7Z]
0 seconds for "优化 - glpi_useremails" @ 2016-03-23 13:59:55 [2@iZ94svonjw7Z]
0 seconds for "优化 - glpi_users" @ 2016-03-23 13:59:55 [2@iZ94svonjw7Z]
0 seconds for "优化 - glpi_usertitles" @ 2016-03-23 13:59:55 [2@iZ94svonjw7Z]
0 seconds for "优化 - glpi_virtualmachinestates" @ 2016-03-23 13:59:55 [2@iZ94svonjw7Z]
0 seconds for "优化 - glpi_virtualmachinesystems" @ 2016-03-23 13:59:55 [2@iZ94svonjw7Z]
0 seconds for "优化 - glpi_virtualmachinetypes" @ 2016-03-23 13:59:55 [2@iZ94svonjw7Z]
0 seconds for "优化 - glpi_vlans" @ 2016-03-23 13:59:55 [2@iZ94svonjw7Z]
0 seconds for "优化 - glpi_wifinetworks" @ 